<<<<<<< HEAD
f:\github\2024-mcm-icm-simulation\mcm2024b\mcm2024b\x64\debug\vc143.pdb
f:\github\2024-mcm-icm-simulation\mcm2024b\mcm2024b\x64\debug\vc143.idb
f:\github\2024-mcm-icm-simulation\mcm2024b\mcm2024b\x64\debug\main.obj
f:\github\2024-mcm-icm-simulation\mcm2024b\mcm2024b\x64\debug\dijkstra.obj
f:\github\2024-mcm-icm-simulation\mcm2024b\x64\debug\mcm2024b.exe
f:\github\2024-mcm-icm-simulation\mcm2024b\mcm2024b\x64\debug\mcm2024b.ilk
f:\github\2024-mcm-icm-simulation\mcm2024b\x64\debug\mcm2024b.pdb
g:\mta模拟\123\2024-mcm-icm-simulation\mcm2024b\mcm2024b\x64\debug\dijkstra.obj
g:\mta模拟\123\2024-mcm-icm-simulation\mcm2024b\mcm2024b\x64\debug\djkstra.obj
g:\mta模拟\123\2024-mcm-icm-simulation\mcm2024b\mcm2024b\x64\debug\main.obj
g:\mta模拟\123\2024-mcm-icm-simulation\mcm2024b\mcm2024b\x64\debug\main.obj.enc
g:\mta模拟\123\2024-mcm-icm-simulation\mcm2024b\mcm2024b\x64\debug\mcm2024b.ilk
g:\mta模拟\123\2024-mcm-icm-simulation\mcm2024b\mcm2024b\x64\debug\vc143.idb
g:\mta模拟\123\2024-mcm-icm-simulation\mcm2024b\mcm2024b\x64\debug\vc143.pdb
g:\mta模拟\123\2024-mcm-icm-simulation\mcm2024b\x64\debug\mcm2024b.pdb
g:\mta模拟\123\2024-mcm-icm-simulation\mcm2024b\x64\debug\mcm2024b.exe
g:\mta模拟\123\2024-mcm-icm-simulation\mcm2024b\mcm2024b\x64\debug\mcm2024b.tlog\cl.command.1.tlog
g:\mta模拟\123\2024-mcm-icm-simulation\mcm2024b\mcm2024b\x64\debug\mcm2024b.tlog\cl.items.tlog
g:\mta模拟\123\2024-mcm-icm-simulation\mcm2024b\mcm2024b\x64\debug\mcm2024b.tlog\cl.read.1.tlog
g:\mta模拟\123\2024-mcm-icm-simulation\mcm2024b\mcm2024b\x64\debug\mcm2024b.tlog\cl.write.1.tlog
g:\mta模拟\123\2024-mcm-icm-simulation\mcm2024b\mcm2024b\x64\debug\mcm2024b.tlog\link.command.1.tlog
g:\mta模拟\123\2024-mcm-icm-simulation\mcm2024b\mcm2024b\x64\debug\mcm2024b.tlog\link.read.1.tlog
g:\mta模拟\123\2024-mcm-icm-simulation\mcm2024b\mcm2024b\x64\debug\mcm2024b.tlog\link.write.1.tlog
=======
f:\github\2024-mcm-icm-simulation\mcm2024b\mcm2024b\x64\debug\vc143.pdb
f:\github\2024-mcm-icm-simulation\mcm2024b\mcm2024b\x64\debug\vc143.idb
f:\github\2024-mcm-icm-simulation\mcm2024b\mcm2024b\x64\debug\main.obj
f:\github\2024-mcm-icm-simulation\mcm2024b\mcm2024b\x64\debug\dijkstra.obj
f:\github\2024-mcm-icm-simulation\mcm2024b\x64\debug\mcm2024b.exe
f:\github\2024-mcm-icm-simulation\mcm2024b\mcm2024b\x64\debug\mcm2024b.ilk
f:\github\2024-mcm-icm-simulation\mcm2024b\x64\debug\mcm2024b.pdb
f:\github\2024-mcm-icm-simulation\mcm2024b\mcm2024b\x64\debug\mcm2024b.tlog\cl.command.1.tlog
f:\github\2024-mcm-icm-simulation\mcm2024b\mcm2024b\x64\debug\mcm2024b.tlog\cl.items.tlog
f:\github\2024-mcm-icm-simulation\mcm2024b\mcm2024b\x64\debug\mcm2024b.tlog\cl.read.1.tlog
f:\github\2024-mcm-icm-simulation\mcm2024b\mcm2024b\x64\debug\mcm2024b.tlog\cl.write.1.tlog
f:\github\2024-mcm-icm-simulation\mcm2024b\mcm2024b\x64\debug\mcm2024b.tlog\link.command.1.tlog
f:\github\2024-mcm-icm-simulation\mcm2024b\mcm2024b\x64\debug\mcm2024b.tlog\link.read.1.tlog
f:\github\2024-mcm-icm-simulation\mcm2024b\mcm2024b\x64\debug\mcm2024b.tlog\link.write.1.tlog
>>>>>>> 91ddd413c5f9f3449e72d893408172fde768a89c
